<?xml version="1.0" encoding="UTF-8"?>
<!-- Generated by org.testng.reporters.JUnitReportReporter -->
<testsuite hostname="Yadu" failures="0" tests="4" name="com.OrangeHrm.ExtentOrangeHrm.LoginTest" time="10.110" errors="0" timestamp="2022-02-10T15:41:02 IST" skipped="0">
  <testcase classname="com.OrangeHrm.ExtentOrangeHrm.LoginTest" name="invalidLoginTest" time="1.930"/>
  <system-out/>
  <testcase classname="com.OrangeHrm.ExtentOrangeHrm.LoginTest" name="invalidLoginTest" time="1.744"/>
  <system-out/>
  <testcase classname="com.OrangeHrm.ExtentOrangeHrm.LoginTest" name="invalidLoginTest" time="1.457"/>
  <system-out/>
  <testcase classname="com.OrangeHrm.ExtentOrangeHrm.LoginTest" name="validLoginTest" time="4.979"/>
  <system-out/>
</testsuite> <!-- com.OrangeHrm.ExtentOrangeHrm.LoginTest -->
