<?xml version="1.0" encoding="UTF-8"?>
<!-- Generated by org.testng.reporters.JUnitReportReporter -->
<testsuite hostname="Yadu" failures="0" tests="4" name="com.OrangeHrm.ExtentOrangeHrm.LoginTest" time="12.269" errors="0" timestamp="2022-02-10T17:27:49 IST" skipped="0">
  <testcase classname="com.OrangeHrm.ExtentOrangeHrm.LoginTest" name="invalidLoginTest" time="1.861"/>
  <system-out/>
  <testcase classname="com.OrangeHrm.ExtentOrangeHrm.LoginTest" name="invalidLoginTest" time="1.696"/>
  <system-out/>
  <testcase classname="com.OrangeHrm.ExtentOrangeHrm.LoginTest" name="invalidLoginTest" time="1.984"/>
  <system-out/>
  <testcase classname="com.OrangeHrm.ExtentOrangeHrm.LoginTest" name="validLoginTest" time="6.728"/>
  <system-out/>
</testsuite> <!-- com.OrangeHrm.ExtentOrangeHrm.LoginTest -->
